2014-02-19 16:26:28 Error: [MissingActionException] Action AppController::View() could not be found.
Exception Attributes: array (
  'controller' => 'AppController',
  'action' => 'View',
)
Request URL: /app/View/Posts/index.ctp
Stack Trace:
#0 /home/www/cake/public/lib/Cake/Routing/Dispatcher.php(185): Controller->invokeAction(Object(CakeRequest))
#1 /home/www/cake/public/lib/Cake/Routing/Dispatcher.php(160): Dispatcher->_invoke(Object(AppController), Object(CakeRequest), Object(CakeResponse))
#2 /home/www/cake/public/app/webroot/index.php(108): Dispatcher->dispatch(Object(CakeRequest), Object(CakeResponse))
#3 {main}
2014-02-19 16:27:40 Error: [MissingControllerException] Controller class PostsController could not be found.
Exception Attributes: array (
  'class' => 'PostsController',
  'plugin' => NULL,
)
Request URL: /posts/index
Stack Trace:
#0 /home/www/cake/public/app/webroot/index.php(108): Dispatcher->dispatch(Object(CakeRequest), Object(CakeResponse))
#1 {main}
2014-02-19 16:31:42 Error: [MissingActionException] Action PostsController::view() could not be found.
Exception Attributes: array (
  'controller' => 'PostsController',
  'action' => 'view',
)
Request URL: /posts/view/1
Stack Trace:
#0 /home/www/cake/public/lib/Cake/Routing/Dispatcher.php(185): Controller->invokeAction(Object(CakeRequest))
#1 /home/www/cake/public/lib/Cake/Routing/Dispatcher.php(160): Dispatcher->_invoke(Object(PostsController), Object(CakeRequest), Object(CakeResponse))
#2 /home/www/cake/public/app/webroot/index.php(108): Dispatcher->dispatch(Object(CakeRequest), Object(CakeResponse))
#3 {main}
2014-02-19 16:31:49 Error: [MissingActionException] Action PostsController::view() could not be found.
Exception Attributes: array (
  'controller' => 'PostsController',
  'action' => 'view',
)
Request URL: /posts/view/2
Stack Trace:
#0 /home/www/cake/public/lib/Cake/Routing/Dispatcher.php(185): Controller->invokeAction(Object(CakeRequest))
#1 /home/www/cake/public/lib/Cake/Routing/Dispatcher.php(160): Dispatcher->_invoke(Object(PostsController), Object(CakeRequest), Object(CakeResponse))
#2 /home/www/cake/public/app/webroot/index.php(108): Dispatcher->dispatch(Object(CakeRequest), Object(CakeResponse))
#3 {main}
2014-02-19 16:32:02 Error: [MissingActionException] Action PostsController::view() could not be found.
Exception Attributes: array (
  'controller' => 'PostsController',
  'action' => 'view',
)
Request URL: /posts/view/1
Stack Trace:
#0 /home/www/cake/public/lib/Cake/Routing/Dispatcher.php(185): Controller->invokeAction(Object(CakeRequest))
#1 /home/www/cake/public/lib/Cake/Routing/Dispatcher.php(160): Dispatcher->_invoke(Object(PostsController), Object(CakeRequest), Object(CakeResponse))
#2 /home/www/cake/public/app/webroot/index.php(108): Dispatcher->dispatch(Object(CakeRequest), Object(CakeResponse))
#3 {main}
2014-02-20 09:54:24 Error: Fatal Error (1): Call to a member function find() on a non-object in [/home/www/mabibli/public/app/Controller/PostsController.php, line 5]
2014-02-20 09:54:25 Error: [FatalErrorException] Call to a member function find() on a non-object
Request URL: /
Stack Trace:
#0 /home/www/mabibli/public/lib/Cake/Error/ErrorHandler.php(203): ErrorHandler::handleFatalError(1, 'Call to a membe...', '/home/www/mabib...', 5)
#1 [internal function]: ErrorHandler::handleError(1, 'Call to a membe...', '/home/www/mabib...', 5, Array)
#2 /home/www/mabibli/public/lib/Cake/Core/App.php(929): call_user_func('ErrorHandler::h...', 1, 'Call to a membe...', '/home/www/mabib...', 5, Array)
#3 /home/www/mabibli/public/lib/Cake/Core/App.php(902): App::_checkFatalError()
#4 [internal function]: App::shutdown()
#5 {main}
2014-02-20 09:54:33 Error: Fatal Error (1): Call to a member function find() on a non-object in [/home/www/mabibli/public/app/Controller/PostsController.php, line 5]
2014-02-20 09:54:33 Error: [FatalErrorException] Call to a member function find() on a non-object
Request URL: /
Stack Trace:
#0 /home/www/mabibli/public/lib/Cake/Error/ErrorHandler.php(203): ErrorHandler::handleFatalError(1, 'Call to a membe...', '/home/www/mabib...', 5)
#1 [internal function]: ErrorHandler::handleError(1, 'Call to a membe...', '/home/www/mabib...', 5, Array)
#2 /home/www/mabibli/public/lib/Cake/Core/App.php(929): call_user_func('ErrorHandler::h...', 1, 'Call to a membe...', '/home/www/mabib...', 5, Array)
#3 /home/www/mabibli/public/lib/Cake/Core/App.php(902): App::_checkFatalError()
#4 [internal function]: App::shutdown()
#5 {main}
2014-02-20 09:56:11 Error: Fatal Error (1): Call to a member function find() on a non-object in [/home/www/mabibli/public/app/Controller/PostsController.php, line 5]
2014-02-20 09:56:11 Error: [FatalErrorException] Call to a member function find() on a non-object
Request URL: /
Stack Trace:
#0 /home/www/mabibli/public/lib/Cake/Error/ErrorHandler.php(203): ErrorHandler::handleFatalError(1, 'Call to a membe...', '/home/www/mabib...', 5)
#1 [internal function]: ErrorHandler::handleError(1, 'Call to a membe...', '/home/www/mabib...', 5, Array)
#2 /home/www/mabibli/public/lib/Cake/Core/App.php(929): call_user_func('ErrorHandler::h...', 1, 'Call to a membe...', '/home/www/mabib...', 5, Array)
#3 /home/www/mabibli/public/lib/Cake/Core/App.php(902): App::_checkFatalError()
#4 [internal function]: App::shutdown()
#5 {main}
2014-02-20 10:01:32 Error: Fatal Error (1): Call to a member function find() on a non-object in [/home/www/mabibli/public/app/Controller/PostsController.php, line 5]
2014-02-20 10:01:32 Error: [FatalErrorException] Call to a member function find() on a non-object
Request URL: /
Stack Trace:
#0 /home/www/mabibli/public/lib/Cake/Error/ErrorHandler.php(203): ErrorHandler::handleFatalError(1, 'Call to a membe...', '/home/www/mabib...', 5)
#1 [internal function]: ErrorHandler::handleError(1, 'Call to a membe...', '/home/www/mabib...', 5, Array)
#2 /home/www/mabibli/public/lib/Cake/Core/App.php(929): call_user_func('ErrorHandler::h...', 1, 'Call to a membe...', '/home/www/mabib...', 5, Array)
#3 /home/www/mabibli/public/lib/Cake/Core/App.php(902): App::_checkFatalError()
#4 [internal function]: App::shutdown()
#5 {main}
2014-02-20 10:04:20 Error: Fatal Error (1): Call to a member function find() on a non-object in [/home/www/mabibli/public/app/Controller/PostsController.php, line 5]
2014-02-20 10:04:20 Error: [FatalErrorException] Call to a member function find() on a non-object
Request URL: /
Stack Trace:
#0 /home/www/mabibli/public/lib/Cake/Error/ErrorHandler.php(203): ErrorHandler::handleFatalError(1, 'Call to a membe...', '/home/www/mabib...', 5)
#1 [internal function]: ErrorHandler::handleError(1, 'Call to a membe...', '/home/www/mabib...', 5, Array)
#2 /home/www/mabibli/public/lib/Cake/Core/App.php(929): call_user_func('ErrorHandler::h...', 1, 'Call to a membe...', '/home/www/mabib...', 5, Array)
#3 /home/www/mabibli/public/lib/Cake/Core/App.php(902): App::_checkFatalError()
#4 [internal function]: App::shutdown()
#5 {main}
2014-02-20 10:05:48 Error: Fatal Error (1): Call to a member function find() on a non-object in [/home/www/mabibli/public/app/Controller/PostsController.php, line 5]
2014-02-20 10:05:48 Error: [FatalErrorException] Call to a member function find() on a non-object
Request URL: /
Stack Trace:
#0 /home/www/mabibli/public/lib/Cake/Error/ErrorHandler.php(203): ErrorHandler::handleFatalError(1, 'Call to a membe...', '/home/www/mabib...', 5)
#1 [internal function]: ErrorHandler::handleError(1, 'Call to a membe...', '/home/www/mabib...', 5, Array)
#2 /home/www/mabibli/public/lib/Cake/Core/App.php(929): call_user_func('ErrorHandler::h...', 1, 'Call to a membe...', '/home/www/mabib...', 5, Array)
#3 /home/www/mabibli/public/lib/Cake/Core/App.php(902): App::_checkFatalError()
#4 [internal function]: App::shutdown()
#5 {main}
2014-02-20 10:06:30 Error: Fatal Error (1): Call to a member function find() on a non-object in [/home/www/mabibli/public/app/Controller/PostsController.php, line 5]
2014-02-20 10:06:30 Error: [FatalErrorException] Call to a member function find() on a non-object
Request URL: /
Stack Trace:
#0 /home/www/mabibli/public/lib/Cake/Error/ErrorHandler.php(203): ErrorHandler::handleFatalError(1, 'Call to a membe...', '/home/www/mabib...', 5)
#1 [internal function]: ErrorHandler::handleError(1, 'Call to a membe...', '/home/www/mabib...', 5, Array)
#2 /home/www/mabibli/public/lib/Cake/Core/App.php(929): call_user_func('ErrorHandler::h...', 1, 'Call to a membe...', '/home/www/mabib...', 5, Array)
#3 /home/www/mabibli/public/lib/Cake/Core/App.php(902): App::_checkFatalError()
#4 [internal function]: App::shutdown()
#5 {main}
2014-02-20 10:06:38 Error: Fatal Error (1): Call to a member function find() on a non-object in [/home/www/mabibli/public/app/Controller/PostsController.php, line 5]
2014-02-20 10:06:38 Error: [FatalErrorException] Call to a member function find() on a non-object
Request URL: /
Stack Trace:
#0 /home/www/mabibli/public/lib/Cake/Error/ErrorHandler.php(203): ErrorHandler::handleFatalError(1, 'Call to a membe...', '/home/www/mabib...', 5)
#1 [internal function]: ErrorHandler::handleError(1, 'Call to a membe...', '/home/www/mabib...', 5, Array)
#2 /home/www/mabibli/public/lib/Cake/Core/App.php(929): call_user_func('ErrorHandler::h...', 1, 'Call to a membe...', '/home/www/mabib...', 5, Array)
#3 /home/www/mabibli/public/lib/Cake/Core/App.php(902): App::_checkFatalError()
#4 [internal function]: App::shutdown()
#5 {main}
2014-02-20 10:12:48 Error: Fatal Error (1): Call to a member function find() on a non-object in [/home/www/mabibli/public/app/Controller/PostsController.php, line 5]
2014-02-20 10:12:48 Error: [FatalErrorException] Call to a member function find() on a non-object
Request URL: /
Stack Trace:
#0 /home/www/mabibli/public/lib/Cake/Error/ErrorHandler.php(203): ErrorHandler::handleFatalError(1, 'Call to a membe...', '/home/www/mabib...', 5)
#1 [internal function]: ErrorHandler::handleError(1, 'Call to a membe...', '/home/www/mabib...', 5, Array)
#2 /home/www/mabibli/public/lib/Cake/Core/App.php(929): call_user_func('ErrorHandler::h...', 1, 'Call to a membe...', '/home/www/mabib...', 5, Array)
#3 /home/www/mabibli/public/lib/Cake/Core/App.php(902): App::_checkFatalError()
#4 [internal function]: App::shutdown()
#5 {main}
2014-02-20 10:13:37 Error: Fatal Error (1): Call to a member function find() on a non-object in [/home/www/mabibli/public/app/Controller/PostsController.php, line 5]
2014-02-20 10:13:37 Error: [FatalErrorException] Call to a member function find() on a non-object
Request URL: /
Stack Trace:
#0 /home/www/mabibli/public/lib/Cake/Error/ErrorHandler.php(203): ErrorHandler::handleFatalError(1, 'Call to a membe...', '/home/www/mabib...', 5)
#1 [internal function]: ErrorHandler::handleError(1, 'Call to a membe...', '/home/www/mabib...', 5, Array)
#2 /home/www/mabibli/public/lib/Cake/Core/App.php(929): call_user_func('ErrorHandler::h...', 1, 'Call to a membe...', '/home/www/mabib...', 5, Array)
#3 /home/www/mabibli/public/lib/Cake/Core/App.php(902): App::_checkFatalError()
#4 [internal function]: App::shutdown()
#5 {main}
2014-02-20 10:17:38 Error: Fatal Error (1): Call to a member function find() on a non-object in [/home/www/mabibli/public/app/Controller/PostsController.php, line 5]
2014-02-20 10:17:38 Error: [FatalErrorException] Call to a member function find() on a non-object
Request URL: /
Stack Trace:
#0 /home/www/mabibli/public/lib/Cake/Error/ErrorHandler.php(203): ErrorHandler::handleFatalError(1, 'Call to a membe...', '/home/www/mabib...', 5)
#1 [internal function]: ErrorHandler::handleError(1, 'Call to a membe...', '/home/www/mabib...', 5, Array)
#2 /home/www/mabibli/public/lib/Cake/Core/App.php(929): call_user_func('ErrorHandler::h...', 1, 'Call to a membe...', '/home/www/mabib...', 5, Array)
#3 /home/www/mabibli/public/lib/Cake/Core/App.php(902): App::_checkFatalError()
#4 [internal function]: App::shutdown()
#5 {main}
2014-02-20 10:18:33 Error: Fatal Error (1): Call to a member function find() on a non-object in [/home/www/mabibli/public/app/Controller/PostsController.php, line 5]
2014-02-20 10:18:33 Error: [FatalErrorException] Call to a member function find() on a non-object
Request URL: /
Stack Trace:
#0 /home/www/mabibli/public/lib/Cake/Error/ErrorHandler.php(203): ErrorHandler::handleFatalError(1, 'Call to a membe...', '/home/www/mabib...', 5)
#1 [internal function]: ErrorHandler::handleError(1, 'Call to a membe...', '/home/www/mabib...', 5, Array)
#2 /home/www/mabibli/public/lib/Cake/Core/App.php(929): call_user_func('ErrorHandler::h...', 1, 'Call to a membe...', '/home/www/mabib...', 5, Array)
#3 /home/www/mabibli/public/lib/Cake/Core/App.php(902): App::_checkFatalError()
#4 [internal function]: App::shutdown()
#5 {main}
2014-02-20 10:19:39 Error: Fatal Error (1): Call to a member function find() on a non-object in [/home/www/mabibli/public/app/Controller/PostsController.php, line 5]
2014-02-20 10:19:39 Error: [FatalErrorException] Call to a member function find() on a non-object
Request URL: /
Stack Trace:
#0 /home/www/mabibli/public/lib/Cake/Error/ErrorHandler.php(203): ErrorHandler::handleFatalError(1, 'Call to a membe...', '/home/www/mabib...', 5)
#1 [internal function]: ErrorHandler::handleError(1, 'Call to a membe...', '/home/www/mabib...', 5, Array)
#2 /home/www/mabibli/public/lib/Cake/Core/App.php(929): call_user_func('ErrorHandler::h...', 1, 'Call to a membe...', '/home/www/mabib...', 5, Array)
#3 /home/www/mabibli/public/lib/Cake/Core/App.php(902): App::_checkFatalError()
#4 [internal function]: App::shutdown()
#5 {main}
2014-02-20 10:22:56 Error: Fatal Error (1): Call to a member function find() on a non-object in [/home/www/mabibli/public/app/Controller/PostsController.php, line 5]
2014-02-20 10:22:56 Error: [FatalErrorException] Call to a member function find() on a non-object
Request URL: /
Stack Trace:
#0 /home/www/mabibli/public/lib/Cake/Error/ErrorHandler.php(203): ErrorHandler::handleFatalError(1, 'Call to a membe...', '/home/www/mabib...', 5)
#1 [internal function]: ErrorHandler::handleError(1, 'Call to a membe...', '/home/www/mabib...', 5, Array)
#2 /home/www/mabibli/public/lib/Cake/Core/App.php(929): call_user_func('ErrorHandler::h...', 1, 'Call to a membe...', '/home/www/mabib...', 5, Array)
#3 /home/www/mabibli/public/lib/Cake/Core/App.php(902): App::_checkFatalError()
#4 [internal function]: App::shutdown()
#5 {main}
2014-02-20 10:24:02 Error: Fatal Error (1): Call to a member function find() on a non-object in [/home/www/mabibli/public/app/Controller/PostsController.php, line 5]
2014-02-20 10:24:02 Error: [FatalErrorException] Call to a member function find() on a non-object
Request URL: /
Stack Trace:
#0 /home/www/mabibli/public/lib/Cake/Error/ErrorHandler.php(203): ErrorHandler::handleFatalError(1, 'Call to a membe...', '/home/www/mabib...', 5)
#1 [internal function]: ErrorHandler::handleError(1, 'Call to a membe...', '/home/www/mabib...', 5, Array)
#2 /home/www/mabibli/public/lib/Cake/Core/App.php(929): call_user_func('ErrorHandler::h...', 1, 'Call to a membe...', '/home/www/mabib...', 5, Array)
#3 /home/www/mabibli/public/lib/Cake/Core/App.php(902): App::_checkFatalError()
#4 [internal function]: App::shutdown()
#5 {main}
2014-02-20 10:24:49 Error: Fatal Error (1): Call to a member function find() on a non-object in [/home/www/mabibli/public/app/Controller/PostsController.php, line 5]
2014-02-20 10:24:49 Error: [FatalErrorException] Call to a member function find() on a non-object
Request URL: /
Stack Trace:
#0 /home/www/mabibli/public/lib/Cake/Error/ErrorHandler.php(203): ErrorHandler::handleFatalError(1, 'Call to a membe...', '/home/www/mabib...', 5)
#1 [internal function]: ErrorHandler::handleError(1, 'Call to a membe...', '/home/www/mabib...', 5, Array)
#2 /home/www/mabibli/public/lib/Cake/Core/App.php(929): call_user_func('ErrorHandler::h...', 1, 'Call to a membe...', '/home/www/mabib...', 5, Array)
#3 /home/www/mabibli/public/lib/Cake/Core/App.php(902): App::_checkFatalError()
#4 [internal function]: App::shutdown()
#5 {main}
2014-02-20 10:25:29 Error: Fatal Error (1): Call to a member function find() on a non-object in [/home/www/mabibli/public/app/Controller/PostsController.php, line 5]
2014-02-20 10:25:29 Error: [FatalErrorException] Call to a member function find() on a non-object
Request URL: /
Stack Trace:
#0 /home/www/mabibli/public/lib/Cake/Error/ErrorHandler.php(203): ErrorHandler::handleFatalError(1, 'Call to a membe...', '/home/www/mabib...', 5)
#1 [internal function]: ErrorHandler::handleError(1, 'Call to a membe...', '/home/www/mabib...', 5, Array)
#2 /home/www/mabibli/public/lib/Cake/Core/App.php(929): call_user_func('ErrorHandler::h...', 1, 'Call to a membe...', '/home/www/mabib...', 5, Array)
#3 /home/www/mabibli/public/lib/Cake/Core/App.php(902): App::_checkFatalError()
#4 [internal function]: App::shutdown()
#5 {main}
2014-02-20 10:25:49 Error: Fatal Error (1): Call to a member function find() on a non-object in [/home/www/mabibli/public/app/Controller/PostsController.php, line 5]
2014-02-20 10:25:49 Error: [FatalErrorException] Call to a member function find() on a non-object
Request URL: /
Stack Trace:
#0 /home/www/mabibli/public/lib/Cake/Error/ErrorHandler.php(203): ErrorHandler::handleFatalError(1, 'Call to a membe...', '/home/www/mabib...', 5)
#1 [internal function]: ErrorHandler::handleError(1, 'Call to a membe...', '/home/www/mabib...', 5, Array)
#2 /home/www/mabibli/public/lib/Cake/Core/App.php(929): call_user_func('ErrorHandler::h...', 1, 'Call to a membe...', '/home/www/mabib...', 5, Array)
#3 /home/www/mabibli/public/lib/Cake/Core/App.php(902): App::_checkFatalError()
#4 [internal function]: App::shutdown()
#5 {main}
2014-02-20 10:26:21 Error: Fatal Error (1): Call to a member function find() on a non-object in [/home/www/mabibli/public/app/Controller/PostsController.php, line 5]
2014-02-20 10:26:21 Error: [FatalErrorException] Call to a member function find() on a non-object
Request URL: /
Stack Trace:
#0 /home/www/mabibli/public/lib/Cake/Error/ErrorHandler.php(203): ErrorHandler::handleFatalError(1, 'Call to a membe...', '/home/www/mabib...', 5)
#1 [internal function]: ErrorHandler::handleError(1, 'Call to a membe...', '/home/www/mabib...', 5, Array)
#2 /home/www/mabibli/public/lib/Cake/Core/App.php(929): call_user_func('ErrorHandler::h...', 1, 'Call to a membe...', '/home/www/mabib...', 5, Array)
#3 /home/www/mabibli/public/lib/Cake/Core/App.php(902): App::_checkFatalError()
#4 [internal function]: App::shutdown()
#5 {main}
2014-02-20 10:30:19 Error: Fatal Error (1): Call to a member function find() on a non-object in [/home/www/mabibli/public/app/Controller/PostsController.php, line 7]
2014-02-20 10:30:19 Error: [FatalErrorException] Call to a member function find() on a non-object
Request URL: /
Stack Trace:
#0 /home/www/mabibli/public/lib/Cake/Error/ErrorHandler.php(203): ErrorHandler::handleFatalError(1, 'Call to a membe...', '/home/www/mabib...', 7)
#1 [internal function]: ErrorHandler::handleError(1, 'Call to a membe...', '/home/www/mabib...', 7, Array)
#2 /home/www/mabibli/public/lib/Cake/Core/App.php(929): call_user_func('ErrorHandler::h...', 1, 'Call to a membe...', '/home/www/mabib...', 7, Array)
#3 /home/www/mabibli/public/lib/Cake/Core/App.php(902): App::_checkFatalError()
#4 [internal function]: App::shutdown()
#5 {main}
2014-02-20 10:34:11 Error: Fatal Error (1): Call to a member function find() on a non-object in [/home/www/mabibli/public/app/Controller/PostsController.php, line 7]
2014-02-20 10:34:11 Error: [FatalErrorException] Call to a member function find() on a non-object
Request URL: /
Stack Trace:
#0 /home/www/mabibli/public/lib/Cake/Error/ErrorHandler.php(203): ErrorHandler::handleFatalError(1, 'Call to a membe...', '/home/www/mabib...', 7)
#1 [internal function]: ErrorHandler::handleError(1, 'Call to a membe...', '/home/www/mabib...', 7, Array)
#2 /home/www/mabibli/public/lib/Cake/Core/App.php(929): call_user_func('ErrorHandler::h...', 1, 'Call to a membe...', '/home/www/mabib...', 7, Array)
#3 /home/www/mabibli/public/lib/Cake/Core/App.php(902): App::_checkFatalError()
#4 [internal function]: App::shutdown()
#5 {main}
2014-02-20 10:37:36 Error: Fatal Error (1): Call to a member function find() on a non-object in [/home/www/mabibli/public/app/Controller/PostsController.php, line 7]
2014-02-20 10:37:36 Error: [FatalErrorException] Call to a member function find() on a non-object
Request URL: /
Stack Trace:
#0 /home/www/mabibli/public/lib/Cake/Error/ErrorHandler.php(203): ErrorHandler::handleFatalError(1, 'Call to a membe...', '/home/www/mabib...', 7)
#1 [internal function]: ErrorHandler::handleError(1, 'Call to a membe...', '/home/www/mabib...', 7, Array)
#2 /home/www/mabibli/public/lib/Cake/Core/App.php(929): call_user_func('ErrorHandler::h...', 1, 'Call to a membe...', '/home/www/mabib...', 7, Array)
#3 /home/www/mabibli/public/lib/Cake/Core/App.php(902): App::_checkFatalError()
#4 [internal function]: App::shutdown()
#5 {main}
2014-02-20 10:38:01 Error: [MissingViewException] View file "/home/www/mabibli/public/app/View/Posts/index.ctp" is missing.
Exception Attributes: array (
  'file' => '/home/www/mabibli/public/app/View/Posts/index.ctp',
)
Request URL: /
Stack Trace:
#0 /home/www/mabibli/public/lib/Cake/View/View.php(463): View->_getViewFileName(NULL)
#1 /home/www/mabibli/public/lib/Cake/Controller/Controller.php(952): View->render(NULL, NULL)
#2 /home/www/mabibli/public/lib/Cake/Routing/Dispatcher.php(192): Controller->render()
#3 /home/www/mabibli/public/lib/Cake/Routing/Dispatcher.php(160): Dispatcher->_invoke(Object(PostsController), Object(CakeRequest), Object(CakeResponse))
#4 /home/www/mabibli/public/app/webroot/index.php(108): Dispatcher->dispatch(Object(CakeRequest), Object(CakeResponse))
#5 {main}
2014-02-20 10:43:20 Error: [MissingViewException] View file "/home/www/mabibli/public/app/View/Posts/index.ctp" is missing.
Exception Attributes: array (
  'file' => '/home/www/mabibli/public/app/View/Posts/index.ctp',
)
Request URL: /
Stack Trace:
#0 /home/www/mabibli/public/lib/Cake/View/View.php(463): View->_getViewFileName(NULL)
#1 /home/www/mabibli/public/lib/Cake/Controller/Controller.php(952): View->render(NULL, NULL)
#2 /home/www/mabibli/public/lib/Cake/Routing/Dispatcher.php(192): Controller->render()
#3 /home/www/mabibli/public/lib/Cake/Routing/Dispatcher.php(160): Dispatcher->_invoke(Object(PostsController), Object(CakeRequest), Object(CakeResponse))
#4 /home/www/mabibli/public/app/webroot/index.php(108): Dispatcher->dispatch(Object(CakeRequest), Object(CakeResponse))
#5 {main}
2014-02-20 10:43:47 Error: [MissingControllerException] Controller class AuteursController could not be found.
Exception Attributes: array (
  'class' => 'AuteursController',
  'plugin' => NULL,
)
Request URL: /
Stack Trace:
#0 /home/www/mabibli/public/app/webroot/index.php(108): Dispatcher->dispatch(Object(CakeRequest), Object(CakeResponse))
#1 {main}
2014-02-20 11:39:17 Error: Fatal Error (4): syntax error, unexpected ''<br/>'' (T_CONSTANT_ENCAPSED_STRING) in [/home/www/mabibli/public/app/View/Auteurs/view.ctp, line 6]
2014-02-20 11:39:17 Error: [FatalErrorException] syntax error, unexpected ''<br/>'' (T_CONSTANT_ENCAPSED_STRING)
Request URL: /auteurs/view/1
Stack Trace:
#0 /home/www/mabibli/public/lib/Cake/Error/ErrorHandler.php(203): ErrorHandler::handleFatalError(4, 'syntax error, u...', '/home/www/mabib...', 6)
#1 [internal function]: ErrorHandler::handleError(4, 'syntax error, u...', '/home/www/mabib...', 6, Array)
#2 /home/www/mabibli/public/lib/Cake/Core/App.php(929): call_user_func('ErrorHandler::h...', 4, 'syntax error, u...', '/home/www/mabib...', 6, Array)
#3 /home/www/mabibli/public/lib/Cake/Core/App.php(902): App::_checkFatalError()
#4 [internal function]: App::shutdown()
#5 {main}
2014-02-20 11:39:27 Error: Fatal Error (4): syntax error, unexpected ''<br>'' (T_CONSTANT_ENCAPSED_STRING) in [/home/www/mabibli/public/app/View/Auteurs/view.ctp, line 6]
2014-02-20 11:39:27 Error: [FatalErrorException] syntax error, unexpected ''<br>'' (T_CONSTANT_ENCAPSED_STRING)
Request URL: /auteurs/view/1
Stack Trace:
#0 /home/www/mabibli/public/lib/Cake/Error/ErrorHandler.php(203): ErrorHandler::handleFatalError(4, 'syntax error, u...', '/home/www/mabib...', 6)
#1 [internal function]: ErrorHandler::handleError(4, 'syntax error, u...', '/home/www/mabib...', 6, Array)
#2 /home/www/mabibli/public/lib/Cake/Core/App.php(929): call_user_func('ErrorHandler::h...', 4, 'syntax error, u...', '/home/www/mabib...', 6, Array)
#3 /home/www/mabibli/public/lib/Cake/Core/App.php(902): App::_checkFatalError()
#4 [internal function]: App::shutdown()
#5 {main}
2014-02-20 11:39:36 Error: Fatal Error (4): syntax error, unexpected ''<br>'' (T_CONSTANT_ENCAPSED_STRING) in [/home/www/mabibli/public/app/View/Auteurs/view.ctp, line 6]
2014-02-20 11:39:36 Error: [FatalErrorException] syntax error, unexpected ''<br>'' (T_CONSTANT_ENCAPSED_STRING)
Request URL: /auteurs/view/1
Stack Trace:
#0 /home/www/mabibli/public/lib/Cake/Error/ErrorHandler.php(203): ErrorHandler::handleFatalError(4, 'syntax error, u...', '/home/www/mabib...', 6)
#1 [internal function]: ErrorHandler::handleError(4, 'syntax error, u...', '/home/www/mabib...', 6, Array)
#2 /home/www/mabibli/public/lib/Cake/Core/App.php(929): call_user_func('ErrorHandler::h...', 4, 'syntax error, u...', '/home/www/mabib...', 6, Array)
#3 /home/www/mabibli/public/lib/Cake/Core/App.php(902): App::_checkFatalError()
#4 [internal function]: App::shutdown()
#5 {main}
2014-02-20 11:39:44 Error: Fatal Error (4): syntax error, unexpected ''<br>'' (T_CONSTANT_ENCAPSED_STRING) in [/home/www/mabibli/public/app/View/Auteurs/view.ctp, line 6]
2014-02-20 11:39:44 Error: [FatalErrorException] syntax error, unexpected ''<br>'' (T_CONSTANT_ENCAPSED_STRING)
Request URL: /auteurs/view/1
Stack Trace:
#0 /home/www/mabibli/public/lib/Cake/Error/ErrorHandler.php(203): ErrorHandler::handleFatalError(4, 'syntax error, u...', '/home/www/mabib...', 6)
#1 [internal function]: ErrorHandler::handleError(4, 'syntax error, u...', '/home/www/mabib...', 6, Array)
#2 /home/www/mabibli/public/lib/Cake/Core/App.php(929): call_user_func('ErrorHandler::h...', 4, 'syntax error, u...', '/home/www/mabib...', 6, Array)
#3 /home/www/mabibli/public/lib/Cake/Core/App.php(902): App::_checkFatalError()
#4 [internal function]: App::shutdown()
#5 {main}
2014-02-20 11:39:55 Error: Fatal Error (4): syntax error, unexpected ''<br/>'' (T_CONSTANT_ENCAPSED_STRING) in [/home/www/mabibli/public/app/View/Auteurs/view.ctp, line 6]
2014-02-20 11:39:55 Error: [FatalErrorException] syntax error, unexpected ''<br/>'' (T_CONSTANT_ENCAPSED_STRING)
Request URL: /auteurs/view/1
Stack Trace:
#0 /home/www/mabibli/public/lib/Cake/Error/ErrorHandler.php(203): ErrorHandler::handleFatalError(4, 'syntax error, u...', '/home/www/mabib...', 6)
#1 [internal function]: ErrorHandler::handleError(4, 'syntax error, u...', '/home/www/mabib...', 6, Array)
#2 /home/www/mabibli/public/lib/Cake/Core/App.php(929): call_user_func('ErrorHandler::h...', 4, 'syntax error, u...', '/home/www/mabib...', 6, Array)
#3 /home/www/mabibli/public/lib/Cake/Core/App.php(902): App::_checkFatalError()
#4 [internal function]: App::shutdown()
#5 {main}
2014-02-20 11:40:14 Error: Fatal Error (4): syntax error, unexpected ''<br/>'' (T_CONSTANT_ENCAPSED_STRING) in [/home/www/mabibli/public/app/View/Auteurs/view.ctp, line 7]
2014-02-20 11:40:14 Error: [FatalErrorException] syntax error, unexpected ''<br/>'' (T_CONSTANT_ENCAPSED_STRING)
Request URL: /auteurs/view/1
Stack Trace:
#0 /home/www/mabibli/public/lib/Cake/Error/ErrorHandler.php(203): ErrorHandler::handleFatalError(4, 'syntax error, u...', '/home/www/mabib...', 7)
#1 [internal function]: ErrorHandler::handleError(4, 'syntax error, u...', '/home/www/mabib...', 7, Array)
#2 /home/www/mabibli/public/lib/Cake/Core/App.php(929): call_user_func('ErrorHandler::h...', 4, 'syntax error, u...', '/home/www/mabib...', 7, Array)
#3 /home/www/mabibli/public/lib/Cake/Core/App.php(902): App::_checkFatalError()
#4 [internal function]: App::shutdown()
#5 {main}
2014-02-20 11:48:45 Error: Fatal Error (4): syntax error, unexpected '' (T_ENCAPSED_AND_WHITESPACE), expecting identifier (T_STRING) or variable (T_VARIABLE) or number (T_NUM_STRING) in [/home/www/mabibli/public/app/View/Auteurs/view.ctp, line 6]
2014-02-20 11:48:45 Error: [FatalErrorException] syntax error, unexpected '' (T_ENCAPSED_AND_WHITESPACE), expecting identifier (T_STRING) or variable (T_VARIABLE) or number (T_NUM_STRING)
Request URL: /auteurs/view/1
Stack Trace:
#0 /home/www/mabibli/public/lib/Cake/Error/ErrorHandler.php(203): ErrorHandler::handleFatalError(4, 'syntax error, u...', '/home/www/mabib...', 6)
#1 [internal function]: ErrorHandler::handleError(4, 'syntax error, u...', '/home/www/mabib...', 6, Array)
#2 /home/www/mabibli/public/lib/Cake/Core/App.php(929): call_user_func('ErrorHandler::h...', 4, 'syntax error, u...', '/home/www/mabib...', 6, Array)
#3 /home/www/mabibli/public/lib/Cake/Core/App.php(902): App::_checkFatalError()
#4 [internal function]: App::shutdown()
#5 {main}
2014-02-20 11:51:32 Error: [MissingControllerException] Controller class LivresController could not be found.
Exception Attributes: array (
  'class' => 'LivresController',
  'plugin' => NULL,
)
Request URL: /livres/add
Stack Trace:
#0 /home/www/mabibli/public/app/webroot/index.php(108): Dispatcher->dispatch(Object(CakeRequest), Object(CakeResponse))
#1 {main}
2014-02-20 11:53:58 Error: [MissingControllerException] Controller class LivresController could not be found.
Exception Attributes: array (
  'class' => 'LivresController',
  'plugin' => NULL,
)
Request URL: /livres/add
Stack Trace:
#0 /home/www/mabibli/public/app/webroot/index.php(108): Dispatcher->dispatch(Object(CakeRequest), Object(CakeResponse))
#1 {main}
2014-02-20 11:54:02 Error: [MissingControllerException] Controller class LivresController could not be found.
Exception Attributes: array (
  'class' => 'LivresController',
  'plugin' => NULL,
)
Request URL: /livres/add
Stack Trace:
#0 /home/www/mabibli/public/app/webroot/index.php(108): Dispatcher->dispatch(Object(CakeRequest), Object(CakeResponse))
#1 {main}
2014-02-20 11:54:49 Error: [MissingViewException] View file "/home/www/mabibli/public/app/View/Livres/add.ctp" is missing.
Exception Attributes: array (
  'file' => '/home/www/mabibli/public/app/View/Livres/add.ctp',
)
Request URL: /livres/add
Stack Trace:
#0 /home/www/mabibli/public/lib/Cake/View/View.php(463): View->_getViewFileName(NULL)
#1 /home/www/mabibli/public/lib/Cake/Controller/Controller.php(952): View->render(NULL, NULL)
#2 /home/www/mabibli/public/lib/Cake/Routing/Dispatcher.php(192): Controller->render()
#3 /home/www/mabibli/public/lib/Cake/Routing/Dispatcher.php(160): Dispatcher->_invoke(Object(LivresController), Object(CakeRequest), Object(CakeResponse))
#4 /home/www/mabibli/public/app/webroot/index.php(108): Dispatcher->dispatch(Object(CakeRequest), Object(CakeResponse))
#5 {main}
2014-02-20 12:10:52 Error: [MissingViewException] View file "/home/www/mabibli/public/app/View/Livres/index.ctp" is missing.
Exception Attributes: array (
  'file' => '/home/www/mabibli/public/app/View/Livres/index.ctp',
)
Request URL: /livres/
Stack Trace:
#0 /home/www/mabibli/public/lib/Cake/View/View.php(463): View->_getViewFileName(NULL)
#1 /home/www/mabibli/public/lib/Cake/Controller/Controller.php(952): View->render(NULL, NULL)
#2 /home/www/mabibli/public/lib/Cake/Routing/Dispatcher.php(192): Controller->render()
#3 /home/www/mabibli/public/lib/Cake/Routing/Dispatcher.php(160): Dispatcher->_invoke(Object(LivresController), Object(CakeRequest), Object(CakeResponse))
#4 /home/www/mabibli/public/app/webroot/index.php(108): Dispatcher->dispatch(Object(CakeRequest), Object(CakeResponse))
#5 {main}
2014-02-20 12:36:05 Error: Fatal Error (4): syntax error, unexpected '{' in [/home/www/mabibli/public/app/View/Livres/add.ctp, line 6]
2014-02-20 12:36:05 Error: [FatalErrorException] syntax error, unexpected '{'
Request URL: /livres/add
Stack Trace:
#0 /home/www/mabibli/public/lib/Cake/Error/ErrorHandler.php(203): ErrorHandler::handleFatalError(4, 'syntax error, u...', '/home/www/mabib...', 6)
#1 [internal function]: ErrorHandler::handleError(4, 'syntax error, u...', '/home/www/mabib...', 6, Array)
#2 /home/www/mabibli/public/lib/Cake/Core/App.php(929): call_user_func('ErrorHandler::h...', 4, 'syntax error, u...', '/home/www/mabib...', 6, Array)
#3 /home/www/mabibli/public/lib/Cake/Core/App.php(902): App::_checkFatalError()
#4 [internal function]: App::shutdown()
#5 {main}
2014-02-20 12:36:23 Error: Fatal Error (4): syntax error, unexpected '{' in [/home/www/mabibli/public/app/View/Livres/add.ctp, line 6]
2014-02-20 12:36:23 Error: [FatalErrorException] syntax error, unexpected '{'
Request URL: /livres/add
Stack Trace:
#0 /home/www/mabibli/public/lib/Cake/Error/ErrorHandler.php(203): ErrorHandler::handleFatalError(4, 'syntax error, u...', '/home/www/mabib...', 6)
#1 [internal function]: ErrorHandler::handleError(4, 'syntax error, u...', '/home/www/mabib...', 6, Array)
#2 /home/www/mabibli/public/lib/Cake/Core/App.php(929): call_user_func('ErrorHandler::h...', 4, 'syntax error, u...', '/home/www/mabib...', 6, Array)
#3 /home/www/mabibli/public/lib/Cake/Core/App.php(902): App::_checkFatalError()
#4 [internal function]: App::shutdown()
#5 {main}
2014-02-20 12:57:10 Error: Fatal Error (4): syntax error, unexpected ')' in [/home/www/mabibli/public/app/View/Livres/add.ctp, line 6]
2014-02-20 12:57:10 Error: [FatalErrorException] syntax error, unexpected ')'
Request URL: /livres/add
Stack Trace:
#0 /home/www/mabibli/public/lib/Cake/Error/ErrorHandler.php(203): ErrorHandler::handleFatalError(4, 'syntax error, u...', '/home/www/mabib...', 6)
#1 [internal function]: ErrorHandler::handleError(4, 'syntax error, u...', '/home/www/mabib...', 6, Array)
#2 /home/www/mabibli/public/lib/Cake/Core/App.php(929): call_user_func('ErrorHandler::h...', 4, 'syntax error, u...', '/home/www/mabib...', 6, Array)
#3 /home/www/mabibli/public/lib/Cake/Core/App.php(902): App::_checkFatalError()
#4 [internal function]: App::shutdown()
#5 {main}
2014-02-20 14:22:27 Error: Fatal Error (4): syntax error, unexpected '$auteur' (T_VARIABLE), expecting function (T_FUNCTION) in [/home/www/mabibli/public/app/Controller/LivresController.php, line 4]
2014-02-20 14:22:27 Error: [FatalErrorException] syntax error, unexpected '$auteur' (T_VARIABLE), expecting function (T_FUNCTION)
Request URL: /livres/add
Stack Trace:
#0 /home/www/mabibli/public/lib/Cake/Error/ErrorHandler.php(203): ErrorHandler::handleFatalError(4, 'syntax error, u...', '/home/www/mabib...', 4)
#1 [internal function]: ErrorHandler::handleError(4, 'syntax error, u...', '/home/www/mabib...', 4, Array)
#2 /home/www/mabibli/public/lib/Cake/Core/App.php(929): call_user_func('ErrorHandler::h...', 4, 'syntax error, u...', '/home/www/mabib...', 4, Array)
#3 /home/www/mabibli/public/lib/Cake/Core/App.php(902): App::_checkFatalError()
#4 [internal function]: App::shutdown()
#5 {main}
2014-02-20 14:22:48 Error: Fatal Error (4): syntax error, unexpected '$auteur' (T_VARIABLE), expecting function (T_FUNCTION) in [/home/www/mabibli/public/app/Controller/LivresController.php, line 4]
2014-02-20 14:22:48 Error: [FatalErrorException] syntax error, unexpected '$auteur' (T_VARIABLE), expecting function (T_FUNCTION)
Request URL: /livres/add
Stack Trace:
#0 /home/www/mabibli/public/lib/Cake/Error/ErrorHandler.php(203): ErrorHandler::handleFatalError(4, 'syntax error, u...', '/home/www/mabib...', 4)
#1 [internal function]: ErrorHandler::handleError(4, 'syntax error, u...', '/home/www/mabib...', 4, Array)
#2 /home/www/mabibli/public/lib/Cake/Core/App.php(929): call_user_func('ErrorHandler::h...', 4, 'syntax error, u...', '/home/www/mabib...', 4, Array)
#3 /home/www/mabibli/public/lib/Cake/Core/App.php(902): App::_checkFatalError()
#4 [internal function]: App::shutdown()
#5 {main}
2014-02-20 15:57:13 Error: Fatal Error (1): Call to a member function find() on a non-object in [/home/www/mabibli/public/app/Controller/LivresController.php, line 23]
2014-02-20 15:57:13 Error: [FatalErrorException] Call to a member function find() on a non-object
Request URL: /livres/add
Stack Trace:
#0 /home/www/mabibli/public/lib/Cake/Error/ErrorHandler.php(203): ErrorHandler::handleFatalError(1, 'Call to a membe...', '/home/www/mabib...', 23)
#1 [internal function]: ErrorHandler::handleError(1, 'Call to a membe...', '/home/www/mabib...', 23, Array)
#2 /home/www/mabibli/public/lib/Cake/Core/App.php(929): call_user_func('ErrorHandler::h...', 1, 'Call to a membe...', '/home/www/mabib...', 23, Array)
#3 /home/www/mabibli/public/lib/Cake/Core/App.php(902): App::_checkFatalError()
#4 [internal function]: App::shutdown()
#5 {main}
2014-02-20 16:12:17 Error: Fatal Error (64): Cannot use [] for reading in [/home/www/mabibli/public/app/View/Livres/add.ctp, line 9]
2014-02-20 16:12:17 Error: [FatalErrorException] Cannot use [] for reading
Request URL: /livres/add
Stack Trace:
#0 /home/www/mabibli/public/lib/Cake/Error/ErrorHandler.php(203): ErrorHandler::handleFatalError(64, 'Cannot use [] f...', '/home/www/mabib...', 9)
#1 [internal function]: ErrorHandler::handleError(64, 'Cannot use [] f...', '/home/www/mabib...', 9, Array)
#2 /home/www/mabibli/public/lib/Cake/Core/App.php(929): call_user_func('ErrorHandler::h...', 64, 'Cannot use [] f...', '/home/www/mabib...', 9, Array)
#3 /home/www/mabibli/public/lib/Cake/Core/App.php(902): App::_checkFatalError()
#4 [internal function]: App::shutdown()
#5 {main}
2014-02-20 16:19:54 Error: Fatal Error (64): Cannot use [] for reading in [/home/www/mabibli/public/app/View/Livres/add.ctp, line 9]
2014-02-20 16:19:54 Error: [FatalErrorException] Cannot use [] for reading
Request URL: /livres/add
Stack Trace:
#0 /home/www/mabibli/public/lib/Cake/Error/ErrorHandler.php(203): ErrorHandler::handleFatalError(64, 'Cannot use [] f...', '/home/www/mabib...', 9)
#1 [internal function]: ErrorHandler::handleError(64, 'Cannot use [] f...', '/home/www/mabib...', 9, Array)
#2 /home/www/mabibli/public/lib/Cake/Core/App.php(929): call_user_func('ErrorHandler::h...', 64, 'Cannot use [] f...', '/home/www/mabib...', 9, Array)
#3 /home/www/mabibli/public/lib/Cake/Core/App.php(902): App::_checkFatalError()
#4 [internal function]: App::shutdown()
#5 {main}
2014-02-20 16:20:38 Error: Fatal Error (4): syntax error, unexpected '=' in [/home/www/mabibli/public/app/View/Livres/add.ctp, line 10]
2014-02-20 16:20:38 Error: [FatalErrorException] syntax error, unexpected '='
Request URL: /livres/add
Stack Trace:
#0 /home/www/mabibli/public/lib/Cake/Error/ErrorHandler.php(203): ErrorHandler::handleFatalError(4, 'syntax error, u...', '/home/www/mabib...', 10)
#1 [internal function]: ErrorHandler::handleError(4, 'syntax error, u...', '/home/www/mabib...', 10, Array)
#2 /home/www/mabibli/public/lib/Cake/Core/App.php(929): call_user_func('ErrorHandler::h...', 4, 'syntax error, u...', '/home/www/mabib...', 10, Array)
#3 /home/www/mabibli/public/lib/Cake/Core/App.php(902): App::_checkFatalError()
#4 [internal function]: App::shutdown()
#5 {main}
2014-02-20 16:28:05 Error: Fatal Error (4): syntax error, unexpected '++' (T_INC), expecting ']' in [/home/www/mabibli/public/app/View/Livres/add.ctp, line 14]
2014-02-20 16:28:05 Error: [FatalErrorException] syntax error, unexpected '++' (T_INC), expecting ']'
Request URL: /livres/add
Stack Trace:
#0 /home/www/mabibli/public/lib/Cake/Error/ErrorHandler.php(203): ErrorHandler::handleFatalError(4, 'syntax error, u...', '/home/www/mabib...', 14)
#1 [internal function]: ErrorHandler::handleError(4, 'syntax error, u...', '/home/www/mabib...', 14, Array)
#2 /home/www/mabibli/public/lib/Cake/Core/App.php(929): call_user_func('ErrorHandler::h...', 4, 'syntax error, u...', '/home/www/mabib...', 14, Array)
#3 /home/www/mabibli/public/lib/Cake/Core/App.php(902): App::_checkFatalError()
#4 [internal function]: App::shutdown()
#5 {main}
2014-02-20 16:32:00 Error: Fatal Error (4): syntax error, unexpected '' (T_ENCAPSED_AND_WHITESPACE), expecting identifier (T_STRING) or variable (T_VARIABLE) or number (T_NUM_STRING) in [/home/www/mabibli/public/app/View/Livres/add.ctp, line 13]
2014-02-20 16:32:00 Error: [FatalErrorException] syntax error, unexpected '' (T_ENCAPSED_AND_WHITESPACE), expecting identifier (T_STRING) or variable (T_VARIABLE) or number (T_NUM_STRING)
Request URL: /livres/add
Stack Trace:
#0 /home/www/mabibli/public/lib/Cake/Error/ErrorHandler.php(203): ErrorHandler::handleFatalError(4, 'syntax error, u...', '/home/www/mabib...', 13)
#1 [internal function]: ErrorHandler::handleError(4, 'syntax error, u...', '/home/www/mabib...', 13, Array)
#2 /home/www/mabibli/public/lib/Cake/Core/App.php(929): call_user_func('ErrorHandler::h...', 4, 'syntax error, u...', '/home/www/mabib...', 13, Array)
#3 /home/www/mabibli/public/lib/Cake/Core/App.php(902): App::_checkFatalError()
#4 [internal function]: App::shutdown()
#5 {main}
2014-02-26 14:16:04 Error: [MissingViewException] View file "/home/www/mabibli/public/app/View/Livres/index.ctp" is missing.
Exception Attributes: array (
  'file' => '/home/www/mabibli/public/app/View/Livres/index.ctp',
)
Request URL: /livres
Stack Trace:
#0 /home/www/mabibli/public/lib/Cake/View/View.php(463): View->_getViewFileName(NULL)
#1 /home/www/mabibli/public/lib/Cake/Controller/Controller.php(952): View->render(NULL, NULL)
#2 /home/www/mabibli/public/lib/Cake/Routing/Dispatcher.php(192): Controller->render()
#3 /home/www/mabibli/public/lib/Cake/Routing/Dispatcher.php(160): Dispatcher->_invoke(Object(LivresController), Object(CakeRequest), Object(CakeResponse))
#4 /home/www/mabibli/public/app/webroot/index.php(108): Dispatcher->dispatch(Object(CakeRequest), Object(CakeResponse))
#5 {main}
2014-02-26 14:18:27 Error: [MissingViewException] View file "/home/www/mabibli/public/app/View/Livres/index.ctp" is missing.
Exception Attributes: array (
  'file' => '/home/www/mabibli/public/app/View/Livres/index.ctp',
)
Request URL: /livres
Stack Trace:
#0 /home/www/mabibli/public/lib/Cake/View/View.php(463): View->_getViewFileName(NULL)
#1 /home/www/mabibli/public/lib/Cake/Controller/Controller.php(952): View->render(NULL, NULL)
#2 /home/www/mabibli/public/lib/Cake/Routing/Dispatcher.php(192): Controller->render()
#3 /home/www/mabibli/public/lib/Cake/Routing/Dispatcher.php(160): Dispatcher->_invoke(Object(LivresController), Object(CakeRequest), Object(CakeResponse))
#4 /home/www/mabibli/public/app/webroot/index.php(108): Dispatcher->dispatch(Object(CakeRequest), Object(CakeResponse))
#5 {main}
